# JRE version: OpenJDK Runtime Environment (17.0.7) (build 17.0.7+0-b2043.56-10550314)
# Java VM: OpenJDK 64-Bit Server VM (17.0.7+0-b2043.56-10550314, mixed mode, tiered, compressed oops, compressed class ptrs, g1 gc, windows-amd64)
GC Precious Log:
 CPUs: 16 total, 16 available
 Memory: 7562M
 Large Page Support: Disabled
 NUMA Support: Disabled
 Compressed Oops: Enabled (32-bit)
 Heap Region Size: 1M
 Heap Min Capacity: 8M
 Heap Initial Capacity: 120M
 Heap Max Capacity: 1892M
 Pre-touch: Disabled
 Parallel Workers: 13
 Concurrent Workers: 3
 Concurrent Refinement Workers: 13
 Periodic GC: Disabled
Heap:
 garbage-first heap   total 115712K, used 60825K [0x0000000089c00000, 0x0000000100000000)
  region size 1024K, 14 young (14336K), 3 survivors (3072K)
 Metaspace       used 62750K, committed 63040K, reserved 1114112K
  class space    used 7257K, committed 7424K, reserved 1048576K
GC Heap History (20 events):
Event: 2.876 GC heap before
{Heap before GC invocations=13 (full 0):
 garbage-first heap   total 63488K, used 49315K [0x0000000089c00000, 0x0000000100000000)
  region size 1024K, 25 young (25600K), 3 survivors (3072K)
 Metaspace       used 49582K, committed 49792K, reserved 1114112K
  class space    used 5991K, committed 6080K, reserved 1048576K
}
Event: 2.883 GC heap after
{Heap after GC invocations=14 (full 0):
 garbage-first heap   total 63488K, used 29596K [0x0000000089c00000, 0x0000000100000000)
  region size 1024K, 4 young (4096K), 4 survivors (4096K)
 Metaspace       used 49582K, committed 49792K, reserved 1114112K
  class space    used 5991K, committed 6080K, reserved 1048576K
}
Event: 2.948 GC heap before
{Heap before GC invocations=14 (full 0):
 garbage-first heap   total 63488K, used 50076K [0x0000000089c00000, 0x0000000100000000)
  region size 1024K, 23 young (23552K), 4 survivors (4096K)
 Metaspace       used 49698K, committed 49920K, reserved 1114112K
  class space    used 5994K, committed 6080K, reserved 1048576K
}
Event: 2.953 GC heap after
{Heap after GC invocations=15 (full 0):
 garbage-first heap   total 63488K, used 31069K [0x0000000089c00000, 0x0000000100000000)
  region size 1024K, 2 young (2048K), 2 survivors (2048K)
 Metaspace       used 49698K, committed 49920K, reserved 1114112K
  class space    used 5994K, committed 6080K, reserved 1048576K
}
Event: 3.118 GC heap before
{Heap before GC invocations=15 (full 0):
 garbage-first heap   total 63488K, used 49501K [0x0000000089c00000, 0x0000000100000000)
  region size 1024K, 20 young (20480K), 2 survivors (2048K)
 Metaspace       used 50857K, committed 51072K, reserved 1114112K
  class space    used 6125K, committed 6208K, reserved 1048576K
}
Event: 3.122 GC heap after
{Heap after GC invocations=16 (full 0):
 garbage-first heap   total 63488K, used 32134K [0x0000000089c00000, 0x0000000100000000)
  region size 1024K, 3 young (3072K), 3 survivors (3072K)
 Metaspace       used 50857K, committed 51072K, reserved 1114112K
  class space    used 6125K, committed 6208K, reserved 1048576K
}
Event: 3.309 GC heap before
{Heap before GC invocations=17 (full 0):
 garbage-first heap   total 63488K, used 49542K [0x0000000089c00000, 0x0000000100000000)
  region size 1024K, 20 young (20480K), 3 survivors (3072K)
 Metaspace       used 51194K, committed 51392K, reserved 1114112K
  class space    used 6155K, committed 6272K, reserved 1048576K
}
Event: 3.315 GC heap after
{Heap after GC invocations=18 (full 0):
 garbage-first heap   total 82944K, used 34585K [0x0000000089c00000, 0x0000000100000000)
  region size 1024K, 3 young (3072K), 3 survivors (3072K)
 Metaspace       used 51194K, committed 51392K, reserved 1114112K
  class space    used 6155K, committed 6272K, reserved 1048576K
}
Event: 3.840 GC heap before
{Heap before GC invocations=18 (full 0):
 garbage-first heap   total 82944K, used 62233K [0x0000000089c00000, 0x0000000100000000)
  region size 1024K, 30 young (30720K), 3 survivors (3072K)
 Metaspace       used 56317K, committed 56512K, reserved 1114112K
  class space    used 6826K, committed 6912K, reserved 1048576K
}
Event: 3.848 GC heap after
{Heap after GC invocations=19 (full 0):
 garbage-first heap   total 82944K, used 38078K [0x0000000089c00000, 0x0000000100000000)
  region size 1024K, 4 young (4096K), 4 survivors (4096K)
 Metaspace       used 56317K, committed 56512K, reserved 1114112K
  class space    used 6826K, committed 6912K, reserved 1048576K
}
Event: 4.579 GC heap before
{Heap before GC invocations=19 (full 0):
 garbage-first heap   total 82944K, used 62654K [0x0000000089c00000, 0x0000000100000000)
  region size 1024K, 29 young (29696K), 4 survivors (4096K)
 Metaspace       used 58644K, committed 58880K, reserved 1114112K
  class space    used 6983K, committed 7104K, reserved 1048576K
}
Event: 4.588 GC heap after
{Heap after GC invocations=20 (full 0):
 garbage-first heap   total 82944K, used 41241K [0x0000000089c00000, 0x0000000100000000)
  region size 1024K, 4 young (4096K), 4 survivors (4096K)
 Metaspace       used 58644K, committed 58880K, reserved 1114112K
  class space    used 6983K, committed 7104K, reserved 1048576K
}
Event: 5.152 GC heap before
{Heap before GC invocations=20 (full 0):
 garbage-first heap   total 82944K, used 64793K [0x0000000089c00000, 0x0000000100000000)
  region size 1024K, 27 young (27648K), 4 survivors (4096K)
 Metaspace       used 60796K, committed 61056K, reserved 1114112K
  class space    used 7155K, committed 7296K, reserved 1048576K
}
Event: 5.163 GC heap after
{Heap after GC invocations=21 (full 0):
 garbage-first heap   total 82944K, used 44625K [0x0000000089c00000, 0x0000000100000000)
  region size 1024K, 4 young (4096K), 4 survivors (4096K)
 Metaspace       used 60796K, committed 61056K, reserved 1114112K
  class space    used 7155K, committed 7296K, reserved 1048576K
}
Event: 5.214 GC heap before
{Heap before GC invocations=22 (full 0):
 garbage-first heap   total 82944K, used 48721K [0x0000000089c00000, 0x0000000100000000)
  region size 1024K, 9 young (9216K), 4 survivors (4096K)
 Metaspace       used 60844K, committed 61120K, reserved 1114112K
  class space    used 7159K, committed 7296K, reserved 1048576K
}
Event: 5.220 GC heap after
{Heap after GC invocations=23 (full 0):
 garbage-first heap   total 82944K, used 45961K [0x0000000089c00000, 0x0000000100000000)
  region size 1024K, 2 young (2048K), 2 survivors (2048K)
 Metaspace       used 60844K, committed 61120K, reserved 1114112K
  class space    used 7159K, committed 7296K, reserved 1048576K
}
Event: 5.449 GC heap before
{Heap before GC invocations=24 (full 0):
 garbage-first heap   total 96256K, used 64393K [0x0000000089c00000, 0x0000000100000000)
  region size 1024K, 20 young (20480K), 2 survivors (2048K)
 Metaspace       used 61259K, committed 61632K, reserved 1114112K
  class space    used 7180K, committed 7360K, reserved 1048576K
}
Event: 5.455 GC heap after
{Heap after GC invocations=25 (full 0):
 garbage-first heap   total 96256K, used 48006K [0x0000000089c00000, 0x0000000100000000)
  region size 1024K, 3 young (3072K), 3 survivors (3072K)
 Metaspace       used 61259K, committed 61632K, reserved 1114112K
  class space    used 7180K, committed 7360K, reserved 1048576K
}
Event: 6.219 GC heap before
{Heap before GC invocations=25 (full 0):
 garbage-first heap   total 96256K, used 75654K [0x0000000089c00000, 0x0000000100000000)
  region size 1024K, 30 young (30720K), 3 survivors (3072K)
 Metaspace       used 62422K, committed 62784K, reserved 1114112K
  class space    used 7246K, committed 7424K, reserved 1048576K
}
Event: 6.228 GC heap after
{Heap after GC invocations=26 (full 0):
 garbage-first heap   total 115712K, used 50585K [0x0000000089c00000, 0x0000000100000000)
  region size 1024K, 3 young (3072K), 3 survivors (3072K)
 Metaspace       used 62422K, committed 62784K, reserved 1114112K
  class space    used 7246K, committed 7424K, reserved 1048576K
}

